<?xml version="1.0" encoding="UTF-8"?>
<!-- Generated by org.testng.reporters.JUnitXMLReporter -->
<testsuite hostname="Gurpreet-PC" name="Login test with Correct credentials" tests="2" failures="0" timestamp="7 Aug 2014 20:25:46 GMT" time="112.509" errors="0">
  <testcase name="doIncorrectLogin" time="112.444" classname="com.wikia.testcases.LoginTest"/>
  <testcase name="doIncorrectLogin" time="0.002" classname="com.wikia.testcases.LoginTest">
    <skipped/>
  </testcase> <!-- doIncorrectLogin -->
</testsuite> <!-- Login test with Correct credentials -->
